<?xml version="1.0" encoding="utf-8"?>
<test-run id="2" testcasecount="0" result="Passed" total="0" passed="0" failed="0" inconclusive="0" skipped="0" asserts="0" engine-version="3.5.0.0" clr-version="4.0.30319.42000" start-time="2024-04-26 13:33:13Z" end-time="2024-04-26 13:33:13Z" duration="0,0201536">
  <test-suite type="TestSuite" id="1006" name="Tower Defence Game" fullname="Tower Defence Game" runstate="Runnable" testcasecount="0" result="Passed" start-time="2024-04-26 13:33:13Z" end-time="2024-04-26 13:33:13Z" duration="0.020154" total="0" passed="0" failed="0" inconclusive="0" skipped="0" asserts="0">
    <properties />
  </test-suite>
</test-run>